<?xml version="1.0" encoding="UTF-8"?>
<testng-results ignored="1" total="1" passed="0" failed="0" skipped="0">
  <reporter-output>
  </reporter-output>
  <suite started-at="2020-05-26T23:14:37 EEST" name="UdemyWeb" finished-at="2020-05-26T23:14:37 EEST" duration-ms="5">
    <groups>
    </groups>
    <test started-at="2020-05-26T23:14:37 EEST" name="SignUp tests" finished-at="2020-05-26T23:14:37 EEST" duration-ms="5">
    </test> <!-- SignUp tests -->
  </suite> <!-- UdemyWeb -->
</testng-results>
